[32m[0312 23:10:59 @logger.py:67][0m Log file set to /mnt/rl_playground/tool/train_gym.py/../../log/gym_0312-231059.log
[32m[0312 23:10:59 @train_gym.py:35][0m Session starts, using gpu: 0
[32m[0312 23:10:59 @dqn_agent.py:46][0m Constructing a q-learning agent to play Breakout-v0
[32m[0312 23:10:59 @environments.py:43][0m Init game environments Breakout-v0
[32m[0312 23:10:59 @environments.py:74][0m Game set image size: 80, random walk step: 30
[32m[0312 23:10:59 @network.py:122][0m building the target network, name: target_network
[32m[0312 23:10:59 @network.py:51][0m Building network of type: dqn, using basebone: nips
[32m[0312 23:10:59 @cnn.py:21][0m building the basebone network, using nips format
[32m[0312 23:10:59 @network.py:124][0m building the pred network, name: predict_network
[32m[0312 23:10:59 @network.py:51][0m Building network of type: dqn, using basebone: nips
[32m[0312 23:10:59 @cnn.py:21][0m building the basebone network, using nips format
[32m[0312 23:10:59 @experience.py:23][0m building the experience shop
[32m[0312 23:11:00 @summary_handler.py:30][0m summary write initialized, writing to /mnt/rl_playground/tool/../agent/../checkpoint
[32m[0312 23:11:02 @dqn_agent.py:183][0m Playing at episode: 6, this time we got reward 0.0
[32m[0312 23:11:02 @dqn_agent.py:184][0m    Epsilon: 1.0
[32m[0312 23:11:02 @dqn_agent.py:183][0m Playing at episode: 21, this time we got reward 1.0
[32m[0312 23:11:02 @dqn_agent.py:184][0m    Epsilon: 1.0
[32m[0312 23:11:03 @dqn_agent.py:183][0m Playing at episode: 33, this time we got reward 1.0
[32m[0312 23:11:03 @dqn_agent.py:184][0m    Epsilon: 1.0
[32m[0312 23:11:03 @dqn_agent.py:183][0m Playing at episode: 40, this time we got reward 0.0
[32m[0312 23:11:03 @dqn_agent.py:184][0m    Epsilon: 1.0
[32m[0312 23:11:03 @dqn_agent.py:183][0m Playing at episode: 47, this time we got reward 0.0
[32m[0312 23:11:03 @dqn_agent.py:184][0m    Epsilon: 1.0
[32m[0312 23:11:03 @dqn_agent.py:183][0m Playing at episode: 49, this time we got reward 0.0
[32m[0312 23:11:03 @dqn_agent.py:184][0m    Epsilon: 1.0
[32m[0312 23:11:04 @dqn_agent.py:183][0m Playing at episode: 56, this time we got reward 0.0
[32m[0312 23:11:04 @dqn_agent.py:184][0m    Epsilon: 1.0
[32m[0312 23:11:04 @dqn_agent.py:183][0m Playing at episode: 63, this time we got reward 0.0
[32m[0312 23:11:04 @dqn_agent.py:184][0m    Epsilon: 1.0
[32m[0312 23:11:04 @dqn_agent.py:183][0m Playing at episode: 75, this time we got reward 1.0
[32m[0312 23:11:04 @dqn_agent.py:184][0m    Epsilon: 1.0
[32m[0312 23:11:04 @dqn_agent.py:183][0m Playing at episode: 77, this time we got reward 0.0
[32m[0312 23:11:04 @dqn_agent.py:184][0m    Epsilon: 1.0
[32m[0312 23:11:05 @dqn_agent.py:183][0m Playing at episode: 90, this time we got reward 1.0
[32m[0312 23:11:05 @dqn_agent.py:184][0m    Epsilon: 1.0
[32m[0312 23:11:05 @dqn_agent.py:183][0m Playing at episode: 105, this time we got reward 1.0
[32m[0312 23:11:05 @dqn_agent.py:184][0m    Epsilon: 1.0
[32m[0312 23:11:06 @dqn_agent.py:183][0m Playing at episode: 111, this time we got reward 0.0
[32m[0312 23:11:06 @dqn_agent.py:184][0m    Epsilon: 1.0
[32m[0312 23:11:06 @dqn_agent.py:183][0m Playing at episode: 126, this time we got reward 1.0
[32m[0312 23:11:06 @dqn_agent.py:184][0m    Epsilon: 1.0
[32m[0312 23:11:07 @dqn_agent.py:183][0m Playing at episode: 140, this time we got reward 1.0
[32m[0312 23:11:07 @dqn_agent.py:184][0m    Epsilon: 1.0
[32m[0312 23:11:07 @dqn_agent.py:183][0m Playing at episode: 147, this time we got reward 0.0
[32m[0312 23:11:07 @dqn_agent.py:184][0m    Epsilon: 1.0
[32m[0312 23:11:08 @dqn_agent.py:183][0m Playing at episode: 160, this time we got reward 1.0
[32m[0312 23:11:08 @dqn_agent.py:184][0m    Epsilon: 1.0
[32m[0312 23:11:08 @dqn_agent.py:183][0m Playing at episode: 167, this time we got reward 0.0
[32m[0312 23:11:08 @dqn_agent.py:184][0m    Epsilon: 1.0
[32m[0312 23:11:08 @dqn_agent.py:183][0m Playing at episode: 174, this time we got reward 0.0
[32m[0312 23:11:08 @dqn_agent.py:184][0m    Epsilon: 1.0
[32m[0312 23:11:09 @dqn_agent.py:183][0m Playing at episode: 188, this time we got reward 1.0
[32m[0312 23:11:09 @dqn_agent.py:184][0m    Epsilon: 1.0
[32m[0312 23:11:09 @dqn_agent.py:183][0m Playing at episode: 202, this time we got reward 1.0
[32m[0312 23:11:09 @dqn_agent.py:184][0m    Epsilon: 1.0
[32m[0312 23:11:09 @dqn_agent.py:183][0m Playing at episode: 209, this time we got reward 0.0
[32m[0312 23:11:09 @dqn_agent.py:184][0m    Epsilon: 1.0
[32m[0312 23:11:10 @dqn_agent.py:183][0m Playing at episode: 232, this time we got reward 2.0
[32m[0312 23:11:10 @dqn_agent.py:184][0m    Epsilon: 1.0
[32m[0312 23:11:10 @dqn_agent.py:183][0m Playing at episode: 239, this time we got reward 0.0
[32m[0312 23:11:10 @dqn_agent.py:184][0m    Epsilon: 1.0
[32m[0312 23:11:11 @dqn_agent.py:183][0m Playing at episode: 254, this time we got reward 1.0
[32m[0312 23:11:11 @dqn_agent.py:184][0m    Epsilon: 1.0
[32m[0312 23:11:11 @dqn_agent.py:183][0m Playing at episode: 261, this time we got reward 0.0
[32m[0312 23:11:11 @dqn_agent.py:184][0m    Epsilon: 1.0
[32m[0312 23:11:11 @dqn_agent.py:183][0m Playing at episode: 263, this time we got reward 0.0
[32m[0312 23:11:11 @dqn_agent.py:184][0m    Epsilon: 1.0
[32m[0312 23:11:12 @dqn_agent.py:183][0m Playing at episode: 270, this time we got reward 0.0
[32m[0312 23:11:12 @dqn_agent.py:184][0m    Epsilon: 1.0
[32m[0312 23:11:12 @dqn_agent.py:183][0m Playing at episode: 284, this time we got reward 0.0
[32m[0312 23:11:12 @dqn_agent.py:184][0m    Epsilon: 1.0
[32m[0312 23:11:13 @dqn_agent.py:183][0m Playing at episode: 291, this time we got reward 0.0
[32m[0312 23:11:13 @dqn_agent.py:184][0m    Epsilon: 1.0
[32m[0312 23:11:13 @dqn_agent.py:183][0m Playing at episode: 304, this time we got reward 1.0
[32m[0312 23:11:13 @dqn_agent.py:184][0m    Epsilon: 1.0
[32m[0312 23:11:13 @dqn_agent.py:183][0m Playing at episode: 311, this time we got reward 0.0
[32m[0312 23:11:13 @dqn_agent.py:184][0m    Epsilon: 1.0
[32m[0312 23:11:14 @dqn_agent.py:183][0m Playing at episode: 324, this time we got reward 0.0
[32m[0312 23:11:14 @dqn_agent.py:184][0m    Epsilon: 1.0
[32m[0312 23:11:14 @dqn_agent.py:183][0m Playing at episode: 331, this time we got reward 0.0
[32m[0312 23:11:14 @dqn_agent.py:184][0m    Epsilon: 1.0
[32m[0312 23:11:14 @dqn_agent.py:183][0m Playing at episode: 333, this time we got reward 0.0
[32m[0312 23:11:14 @dqn_agent.py:184][0m    Epsilon: 1.0
[32m[0312 23:11:14 @dqn_agent.py:183][0m Playing at episode: 340, this time we got reward 0.0
[32m[0312 23:11:14 @dqn_agent.py:184][0m    Epsilon: 1.0
[32m[0312 23:11:15 @dqn_agent.py:183][0m Playing at episode: 347, this time we got reward 0.0
[32m[0312 23:11:15 @dqn_agent.py:184][0m    Epsilon: 1.0
[32m[0312 23:11:15 @dqn_agent.py:183][0m Playing at episode: 353, this time we got reward 0.0
[32m[0312 23:11:15 @dqn_agent.py:184][0m    Epsilon: 1.0
[32m[0312 23:11:15 @dqn_agent.py:183][0m Playing at episode: 365, this time we got reward 1.0
[32m[0312 23:11:15 @dqn_agent.py:184][0m    Epsilon: 1.0
[32m[0312 23:11:16 @dqn_agent.py:183][0m Playing at episode: 380, this time we got reward 1.0
[32m[0312 23:11:16 @dqn_agent.py:184][0m    Epsilon: 1.0
[32m[0312 23:11:16 @dqn_agent.py:183][0m Playing at episode: 383, this time we got reward 0.0
[32m[0312 23:11:16 @dqn_agent.py:184][0m    Epsilon: 1.0
[32m[0312 23:11:16 @dqn_agent.py:183][0m Playing at episode: 390, this time we got reward 0.0
[32m[0312 23:11:16 @dqn_agent.py:184][0m    Epsilon: 1.0
[32m[0312 23:11:17 @dqn_agent.py:183][0m Playing at episode: 397, this time we got reward 0.0
[32m[0312 23:11:17 @dqn_agent.py:184][0m    Epsilon: 1.0
[32m[0312 23:11:17 @dqn_agent.py:183][0m Playing at episode: 404, this time we got reward 0.0
[32m[0312 23:11:17 @dqn_agent.py:184][0m    Epsilon: 1.0
[32m[0312 23:11:17 @dqn_agent.py:183][0m Playing at episode: 411, this time we got reward 0.0
[32m[0312 23:11:17 @dqn_agent.py:184][0m    Epsilon: 1.0
[32m[0312 23:11:18 @dqn_agent.py:183][0m Playing at episode: 426, this time we got reward 1.0
[32m[0312 23:11:18 @dqn_agent.py:184][0m    Epsilon: 1.0
[32m[0312 23:11:18 @dqn_agent.py:183][0m Playing at episode: 433, this time we got reward 0.0
[32m[0312 23:11:18 @dqn_agent.py:184][0m    Epsilon: 1.0
[32m[0312 23:11:18 @dqn_agent.py:183][0m Playing at episode: 440, this time we got reward 0.0
[32m[0312 23:11:18 @dqn_agent.py:184][0m    Epsilon: 1.0
[32m[0312 23:11:19 @dqn_agent.py:183][0m Playing at episode: 443, this time we got reward 0.0
[32m[0312 23:11:19 @dqn_agent.py:184][0m    Epsilon: 1.0
[32m[0312 23:11:19 @dqn_agent.py:183][0m Playing at episode: 458, this time we got reward 1.0
[32m[0312 23:11:19 @dqn_agent.py:184][0m    Epsilon: 1.0
[32m[0312 23:11:20 @dqn_agent.py:183][0m Playing at episode: 472, this time we got reward 1.0
[32m[0312 23:11:20 @dqn_agent.py:184][0m    Epsilon: 1.0
[32m[0312 23:11:20 @dqn_agent.py:183][0m Playing at episode: 479, this time we got reward 0.0
[32m[0312 23:11:20 @dqn_agent.py:184][0m    Epsilon: 1.0
[32m[0312 23:11:20 @dqn_agent.py:183][0m Playing at episode: 486, this time we got reward 0.0
[32m[0312 23:11:20 @dqn_agent.py:184][0m    Epsilon: 1.0
[32m[0312 23:11:20 @dqn_agent.py:183][0m Playing at episode: 492, this time we got reward 0.0
[32m[0312 23:11:20 @dqn_agent.py:184][0m    Epsilon: 1.0
[32m[0312 23:11:21 @dqn_agent.py:183][0m Playing at episode: 499, this time we got reward 0.0
[32m[0312 23:11:21 @dqn_agent.py:184][0m    Epsilon: 1.0
[32m[0312 23:11:21 @dqn_agent.py:183][0m Playing at episode: 512, this time we got reward 0.0
[32m[0312 23:11:21 @dqn_agent.py:184][0m    Epsilon: 1.0
[32m[0312 23:11:22 @dqn_agent.py:183][0m Playing at episode: 527, this time we got reward 1.0
[32m[0312 23:11:22 @dqn_agent.py:184][0m    Epsilon: 1.0
[32m[0312 23:11:22 @dqn_agent.py:183][0m Playing at episode: 539, this time we got reward 1.0
[32m[0312 23:11:22 @dqn_agent.py:184][0m    Epsilon: 1.0
[32m[0312 23:11:23 @dqn_agent.py:183][0m Playing at episode: 554, this time we got reward 1.0
[32m[0312 23:11:23 @dqn_agent.py:184][0m    Epsilon: 1.0
[32m[0312 23:11:23 @dqn_agent.py:183][0m Playing at episode: 569, this time we got reward 0.0
[32m[0312 23:11:23 @dqn_agent.py:184][0m    Epsilon: 1.0
[32m[0312 23:11:23 @dqn_agent.py:183][0m Playing at episode: 572, this time we got reward 0.0
[32m[0312 23:11:23 @dqn_agent.py:184][0m    Epsilon: 1.0
[32m[0312 23:11:24 @dqn_agent.py:183][0m Playing at episode: 579, this time we got reward 0.0
[32m[0312 23:11:24 @dqn_agent.py:184][0m    Epsilon: 1.0
[32m[0312 23:11:24 @dqn_agent.py:183][0m Playing at episode: 586, this time we got reward 0.0
[32m[0312 23:11:24 @dqn_agent.py:184][0m    Epsilon: 1.0
