[32m[0312 23:18:52 @logger.py:67][0m Log file set to /mnt/rl_playground/tool/train_gym.py/../../log/gym_0312-231852.log
[32m[0312 23:18:53 @train_gym.py:35][0m Session starts, using gpu: 0
[32m[0312 23:18:53 @dqn_agent.py:46][0m Constructing a q-learning agent to play Breakout-v0
[32m[0312 23:18:53 @environments.py:43][0m Init game environments Breakout-v0
[32m[0312 23:18:53 @environments.py:74][0m Game set image size: 80, random walk step: 30
[32m[0312 23:18:53 @network.py:122][0m building the target network, name: target_network
[32m[0312 23:18:53 @network.py:51][0m Building network of type: dqn, using basebone: nips
[32m[0312 23:18:53 @cnn.py:21][0m building the basebone network, using nips format
[32m[0312 23:18:53 @network.py:124][0m building the pred network, name: predict_network
[32m[0312 23:18:53 @network.py:51][0m Building network of type: dqn, using basebone: nips
[32m[0312 23:18:53 @cnn.py:21][0m building the basebone network, using nips format
[32m[0312 23:18:53 @experience.py:23][0m building the experience shop
[32m[0312 23:18:53 @summary_handler.py:30][0m summary write initialized, writing to /mnt/rl_playground/tool/../agent/../checkpoint
[32m[0312 23:18:55 @dqn_agent.py:183][0m Playing at episode: 8, this time we got reward 0.0
[32m[0312 23:18:55 @dqn_agent.py:184][0m    Epsilon: 1.0
[32m[0312 23:18:55 @dqn_agent.py:183][0m Playing at episode: 30, this time we got reward 0.0
[32m[0312 23:18:55 @dqn_agent.py:184][0m    Epsilon: 1.0
[32m[0312 23:18:56 @dqn_agent.py:183][0m Playing at episode: 39, this time we got reward 0.0
[32m[0312 23:18:56 @dqn_agent.py:184][0m    Epsilon: 1.0
[32m[0312 23:18:56 @dqn_agent.py:183][0m Playing at episode: 48, this time we got reward 0.0
[32m[0312 23:18:56 @dqn_agent.py:184][0m    Epsilon: 1.0
[32m[0312 23:18:57 @dqn_agent.py:183][0m Playing at episode: 80, this time we got reward 2.0
[32m[0312 23:18:57 @dqn_agent.py:184][0m    Epsilon: 1.0
[32m[0312 23:18:57 @dqn_agent.py:183][0m Playing at episode: 87, this time we got reward 0.0
[32m[0312 23:18:57 @dqn_agent.py:184][0m    Epsilon: 1.0
[32m[0312 23:18:58 @dqn_agent.py:183][0m Playing at episode: 94, this time we got reward 0.0
[32m[0312 23:18:58 @dqn_agent.py:184][0m    Epsilon: 1.0
[32m[0312 23:18:58 @dqn_agent.py:183][0m Playing at episode: 101, this time we got reward 0.0
[32m[0312 23:18:58 @dqn_agent.py:184][0m    Epsilon: 1.0
[32m[0312 23:18:58 @dqn_agent.py:183][0m Playing at episode: 111, this time we got reward 0.0
[32m[0312 23:18:58 @dqn_agent.py:184][0m    Epsilon: 1.0
[32m[0312 23:18:59 @dqn_agent.py:183][0m Playing at episode: 133, this time we got reward 1.0
[32m[0312 23:18:59 @dqn_agent.py:184][0m    Epsilon: 1.0
[32m[0312 23:18:59 @dqn_agent.py:183][0m Playing at episode: 141, this time we got reward 0.0
[32m[0312 23:18:59 @dqn_agent.py:184][0m    Epsilon: 1.0
[32m[0312 23:19:00 @dqn_agent.py:183][0m Playing at episode: 143, this time we got reward 0.0
[32m[0312 23:19:00 @dqn_agent.py:184][0m    Epsilon: 1.0
[32m[0312 23:19:00 @dqn_agent.py:183][0m Playing at episode: 149, this time we got reward 0.0
[32m[0312 23:19:00 @dqn_agent.py:184][0m    Epsilon: 1.0
[32m[0312 23:19:00 @dqn_agent.py:183][0m Playing at episode: 156, this time we got reward 0.0
[32m[0312 23:19:00 @dqn_agent.py:184][0m    Epsilon: 1.0
[32m[0312 23:19:00 @dqn_agent.py:183][0m Playing at episode: 164, this time we got reward 0.0
[32m[0312 23:19:00 @dqn_agent.py:184][0m    Epsilon: 1.0
[32m[0312 23:19:01 @dqn_agent.py:183][0m Playing at episode: 179, this time we got reward 1.0
[32m[0312 23:19:01 @dqn_agent.py:184][0m    Epsilon: 1.0
[32m[0312 23:19:01 @dqn_agent.py:183][0m Playing at episode: 194, this time we got reward 0.0
[32m[0312 23:19:01 @dqn_agent.py:184][0m    Epsilon: 1.0
[32m[0312 23:19:02 @dqn_agent.py:183][0m Playing at episode: 201, this time we got reward 0.0
[32m[0312 23:19:02 @dqn_agent.py:184][0m    Epsilon: 1.0
[32m[0312 23:19:02 @dqn_agent.py:183][0m Playing at episode: 222, this time we got reward 0.0
[32m[0312 23:19:02 @dqn_agent.py:184][0m    Epsilon: 0.9991684
[32m[0312 23:19:03 @dqn_agent.py:183][0m Playing at episode: 231, this time we got reward 0.0
[32m[0312 23:19:03 @dqn_agent.py:184][0m    Epsilon: 0.998812
[32m[0312 23:19:03 @dqn_agent.py:201][0m At time step 0, the target_network is updated
