[32m[0312 23:08:53 @logger.py:67][0m Log file set to /mnt/rl_playground/tool/train_gym.py/../../log/gym_0312-230853.log
[32m[0312 23:08:54 @train_gym.py:35][0m Session starts, using gpu: 0
[32m[0312 23:08:54 @dqn_agent.py:46][0m Constructing a q-learning agent to play Breakout-v0
[32m[0312 23:08:54 @environments.py:43][0m Init game environments Breakout-v0
[32m[0312 23:08:54 @environments.py:74][0m Game set image size: 80, random walk step: 30
[32m[0312 23:08:54 @network.py:122][0m building the target network, name: target_network
[32m[0312 23:08:54 @network.py:51][0m Building network of type: dqn, using basebone: nips
[32m[0312 23:08:54 @cnn.py:21][0m building the basebone network, using nips format
[32m[0312 23:08:54 @network.py:124][0m building the pred network, name: predict_network
[32m[0312 23:08:54 @network.py:51][0m Building network of type: dqn, using basebone: nips
[32m[0312 23:08:54 @cnn.py:21][0m building the basebone network, using nips format
[32m[0312 23:08:54 @experience.py:23][0m building the experience shop
[32m[0312 23:08:54 @summary_handler.py:30][0m summary write initialized, writing to /mnt/rl_playground/tool/../agent/../checkpoint
[32m[0312 23:08:56 @dqn_agent.py:183][0m Playing at episode: 7, this time we got reward 0.0
[32m[0312 23:08:56 @dqn_agent.py:183][0m Playing at episode: 14, this time we got reward 0.0
[32m[0312 23:08:56 @dqn_agent.py:183][0m Playing at episode: 20, this time we got reward 0.0
[32m[0312 23:08:57 @dqn_agent.py:183][0m Playing at episode: 27, this time we got reward 0.0
[32m[0312 23:08:57 @dqn_agent.py:183][0m Playing at episode: 34, this time we got reward 0.0
[32m[0312 23:08:57 @dqn_agent.py:183][0m Playing at episode: 35, this time we got reward 0.0
[32m[0312 23:08:57 @dqn_agent.py:183][0m Playing at episode: 42, this time we got reward 0.0
[32m[0312 23:08:57 @dqn_agent.py:183][0m Playing at episode: 43, this time we got reward 0.0
[32m[0312 23:08:58 @dqn_agent.py:183][0m Playing at episode: 50, this time we got reward 0.0
[32m[0312 23:08:58 @dqn_agent.py:183][0m Playing at episode: 57, this time we got reward 0.0
[32m[0312 23:08:58 @dqn_agent.py:183][0m Playing at episode: 60, this time we got reward 0.0
[32m[0312 23:08:58 @dqn_agent.py:183][0m Playing at episode: 67, this time we got reward 0.0
[32m[0312 23:08:59 @dqn_agent.py:183][0m Playing at episode: 74, this time we got reward 0.0
[32m[0312 23:08:59 @dqn_agent.py:183][0m Playing at episode: 81, this time we got reward 0.0
[32m[0312 23:08:59 @dqn_agent.py:183][0m Playing at episode: 86, this time we got reward 0.0
[32m[0312 23:08:59 @dqn_agent.py:183][0m Playing at episode: 89, this time we got reward 0.0
[32m[0312 23:08:59 @dqn_agent.py:183][0m Playing at episode: 96, this time we got reward 0.0
[32m[0312 23:09:00 @dqn_agent.py:183][0m Playing at episode: 101, this time we got reward 0.0
[32m[0312 23:09:00 @dqn_agent.py:183][0m Playing at episode: 107, this time we got reward 0.0
[32m[0312 23:09:00 @dqn_agent.py:183][0m Playing at episode: 114, this time we got reward 0.0
[32m[0312 23:09:00 @dqn_agent.py:183][0m Playing at episode: 121, this time we got reward 0.0
[32m[0312 23:09:01 @dqn_agent.py:183][0m Playing at episode: 128, this time we got reward 0.0
[32m[0312 23:09:01 @dqn_agent.py:183][0m Playing at episode: 131, this time we got reward 0.0
[32m[0312 23:09:01 @dqn_agent.py:183][0m Playing at episode: 138, this time we got reward 0.0
[32m[0312 23:09:01 @dqn_agent.py:183][0m Playing at episode: 145, this time we got reward 0.0
[32m[0312 23:09:02 @dqn_agent.py:183][0m Playing at episode: 151, this time we got reward 0.0
[32m[0312 23:09:02 @dqn_agent.py:183][0m Playing at episode: 155, this time we got reward 0.0
[32m[0312 23:09:02 @dqn_agent.py:183][0m Playing at episode: 162, this time we got reward 0.0
[32m[0312 23:09:02 @dqn_agent.py:183][0m Playing at episode: 169, this time we got reward 0.0
[32m[0312 23:09:03 @dqn_agent.py:183][0m Playing at episode: 176, this time we got reward 0.0
[32m[0312 23:09:03 @dqn_agent.py:183][0m Playing at episode: 183, this time we got reward 0.0
[32m[0312 23:09:03 @dqn_agent.py:183][0m Playing at episode: 190, this time we got reward 0.0
[32m[0312 23:09:04 @dqn_agent.py:183][0m Playing at episode: 197, this time we got reward 0.0
[32m[0312 23:09:04 @dqn_agent.py:183][0m Playing at episode: 204, this time we got reward 0.0
[32m[0312 23:09:04 @dqn_agent.py:183][0m Playing at episode: 206, this time we got reward 0.0
[32m[0312 23:09:04 @dqn_agent.py:183][0m Playing at episode: 213, this time we got reward 0.0
[32m[0312 23:09:04 @dqn_agent.py:183][0m Playing at episode: 220, this time we got reward 0.0
[32m[0312 23:09:05 @dqn_agent.py:183][0m Playing at episode: 227, this time we got reward 0.0
[32m[0312 23:09:05 @dqn_agent.py:183][0m Playing at episode: 228, this time we got reward 0.0
[32m[0312 23:09:05 @dqn_agent.py:183][0m Playing at episode: 235, this time we got reward 0.0
[32m[0312 23:09:05 @dqn_agent.py:183][0m Playing at episode: 242, this time we got reward 0.0
[32m[0312 23:09:06 @dqn_agent.py:183][0m Playing at episode: 246, this time we got reward 0.0
[32m[0312 23:09:06 @dqn_agent.py:183][0m Playing at episode: 253, this time we got reward 0.0
[32m[0312 23:09:06 @dqn_agent.py:183][0m Playing at episode: 260, this time we got reward 0.0
[32m[0312 23:09:06 @dqn_agent.py:183][0m Playing at episode: 266, this time we got reward 0.0
[32m[0312 23:09:07 @dqn_agent.py:183][0m Playing at episode: 273, this time we got reward 0.0
[32m[0312 23:09:07 @dqn_agent.py:183][0m Playing at episode: 280, this time we got reward 0.0
[32m[0312 23:09:07 @dqn_agent.py:183][0m Playing at episode: 287, this time we got reward 0.0
[32m[0312 23:09:07 @dqn_agent.py:183][0m Playing at episode: 292, this time we got reward 0.0
[32m[0312 23:09:08 @dqn_agent.py:183][0m Playing at episode: 299, this time we got reward 0.0
[32m[0312 23:09:08 @dqn_agent.py:183][0m Playing at episode: 306, this time we got reward 0.0
[32m[0312 23:09:08 @dqn_agent.py:183][0m Playing at episode: 311, this time we got reward 0.0
[32m[0312 23:09:08 @dqn_agent.py:183][0m Playing at episode: 313, this time we got reward 0.0
[32m[0312 23:09:09 @dqn_agent.py:183][0m Playing at episode: 320, this time we got reward 0.0
[32m[0312 23:09:09 @dqn_agent.py:183][0m Playing at episode: 327, this time we got reward 0.0
[32m[0312 23:09:09 @dqn_agent.py:183][0m Playing at episode: 334, this time we got reward 0.0
[32m[0312 23:09:10 @dqn_agent.py:183][0m Playing at episode: 341, this time we got reward 0.0
[32m[0312 23:09:10 @dqn_agent.py:183][0m Playing at episode: 348, this time we got reward 0.0
[32m[0312 23:09:10 @dqn_agent.py:183][0m Playing at episode: 355, this time we got reward 0.0
[32m[0312 23:09:10 @dqn_agent.py:183][0m Playing at episode: 362, this time we got reward 0.0
[32m[0312 23:09:11 @dqn_agent.py:183][0m Playing at episode: 369, this time we got reward 0.0
[32m[0312 23:09:11 @dqn_agent.py:183][0m Playing at episode: 371, this time we got reward 0.0
[32m[0312 23:09:11 @dqn_agent.py:183][0m Playing at episode: 379, this time we got reward 0.0
[32m[0312 23:09:11 @dqn_agent.py:183][0m Playing at episode: 386, this time we got reward 0.0
[32m[0312 23:09:12 @dqn_agent.py:183][0m Playing at episode: 391, this time we got reward 0.0
[32m[0312 23:09:12 @dqn_agent.py:183][0m Playing at episode: 398, this time we got reward 0.0
[32m[0312 23:09:12 @dqn_agent.py:183][0m Playing at episode: 405, this time we got reward 0.0
[32m[0312 23:09:12 @dqn_agent.py:183][0m Playing at episode: 412, this time we got reward 0.0
[32m[0312 23:09:13 @dqn_agent.py:183][0m Playing at episode: 419, this time we got reward 0.0
[32m[0312 23:09:13 @dqn_agent.py:183][0m Playing at episode: 426, this time we got reward 0.0
[32m[0312 23:09:13 @dqn_agent.py:183][0m Playing at episode: 433, this time we got reward 0.0
[32m[0312 23:09:13 @dqn_agent.py:183][0m Playing at episode: 434, this time we got reward 0.0
[32m[0312 23:09:14 @dqn_agent.py:183][0m Playing at episode: 441, this time we got reward 0.0
[32m[0312 23:09:14 @dqn_agent.py:183][0m Playing at episode: 447, this time we got reward 0.0
[32m[0312 23:09:14 @dqn_agent.py:183][0m Playing at episode: 448, this time we got reward 0.0
[32m[0312 23:09:14 @dqn_agent.py:183][0m Playing at episode: 455, this time we got reward 0.0
[32m[0312 23:09:15 @dqn_agent.py:183][0m Playing at episode: 462, this time we got reward 0.0
[32m[0312 23:09:15 @dqn_agent.py:183][0m Playing at episode: 469, this time we got reward 0.0
[32m[0312 23:09:15 @dqn_agent.py:183][0m Playing at episode: 476, this time we got reward 0.0
[32m[0312 23:09:15 @dqn_agent.py:183][0m Playing at episode: 483, this time we got reward 0.0
[32m[0312 23:09:16 @dqn_agent.py:183][0m Playing at episode: 489, this time we got reward 0.0
[32m[0312 23:09:16 @dqn_agent.py:183][0m Playing at episode: 496, this time we got reward 0.0
[32m[0312 23:09:16 @dqn_agent.py:183][0m Playing at episode: 504, this time we got reward 0.0
[32m[0312 23:09:17 @dqn_agent.py:183][0m Playing at episode: 510, this time we got reward 0.0
[32m[0312 23:09:17 @dqn_agent.py:183][0m Playing at episode: 517, this time we got reward 0.0
[32m[0312 23:09:17 @dqn_agent.py:183][0m Playing at episode: 522, this time we got reward 0.0
[32m[0312 23:09:17 @dqn_agent.py:183][0m Playing at episode: 529, this time we got reward 0.0
[32m[0312 23:09:18 @dqn_agent.py:183][0m Playing at episode: 536, this time we got reward 0.0
[32m[0312 23:09:18 @dqn_agent.py:183][0m Playing at episode: 543, this time we got reward 0.0
[32m[0312 23:09:18 @dqn_agent.py:183][0m Playing at episode: 550, this time we got reward 0.0
[32m[0312 23:09:18 @dqn_agent.py:183][0m Playing at episode: 551, this time we got reward 0.0
[32m[0312 23:09:18 @dqn_agent.py:183][0m Playing at episode: 554, this time we got reward 0.0
[32m[0312 23:09:19 @dqn_agent.py:183][0m Playing at episode: 561, this time we got reward 0.0
[32m[0312 23:09:19 @dqn_agent.py:183][0m Playing at episode: 568, this time we got reward 0.0
[32m[0312 23:09:19 @dqn_agent.py:183][0m Playing at episode: 575, this time we got reward 0.0
[32m[0312 23:09:19 @dqn_agent.py:183][0m Playing at episode: 582, this time we got reward 0.0
[32m[0312 23:09:20 @dqn_agent.py:183][0m Playing at episode: 589, this time we got reward 0.0
[32m[0312 23:09:20 @dqn_agent.py:183][0m Playing at episode: 596, this time we got reward 0.0
[32m[0312 23:09:20 @dqn_agent.py:183][0m Playing at episode: 603, this time we got reward 0.0
[32m[0312 23:09:21 @dqn_agent.py:183][0m Playing at episode: 609, this time we got reward 0.0
[32m[0312 23:09:21 @dqn_agent.py:183][0m Playing at episode: 616, this time we got reward 0.0
[32m[0312 23:09:21 @summary_handler.py:89][0m Flushing to the summary writer
[32m[0312 23:09:21 @summary_handler.py:93][0m At episode: 616, Reward: 0.0 (over 100 episodes)
[32m[0312 23:09:21 @summary_handler.py:96][0m  - - - - - - -, Length: 0.0 (over 6.09900990099 episodes)
[32m[0312 23:09:21 @dqn_agent.py:183][0m Playing at episode: 622, this time we got reward 0.0
[32m[0312 23:09:21 @dqn_agent.py:183][0m Playing at episode: 629, this time we got reward 0.0
[32m[0312 23:09:22 @dqn_agent.py:183][0m Playing at episode: 636, this time we got reward 0.0
[32m[0312 23:09:22 @dqn_agent.py:183][0m Playing at episode: 643, this time we got reward 0.0
[32m[0312 23:09:22 @dqn_agent.py:183][0m Playing at episode: 650, this time we got reward 0.0
[32m[0312 23:09:22 @dqn_agent.py:183][0m Playing at episode: 657, this time we got reward 0.0
[32m[0312 23:09:23 @dqn_agent.py:183][0m Playing at episode: 664, this time we got reward 0.0
[32m[0312 23:09:23 @dqn_agent.py:183][0m Playing at episode: 670, this time we got reward 0.0
[32m[0312 23:09:23 @dqn_agent.py:183][0m Playing at episode: 677, this time we got reward 0.0
[32m[0312 23:09:24 @dqn_agent.py:183][0m Playing at episode: 684, this time we got reward 0.0
[32m[0312 23:09:24 @dqn_agent.py:183][0m Playing at episode: 691, this time we got reward 0.0
[32m[0312 23:09:24 @dqn_agent.py:183][0m Playing at episode: 698, this time we got reward 0.0
[32m[0312 23:09:24 @dqn_agent.py:183][0m Playing at episode: 703, this time we got reward 0.0
[32m[0312 23:09:25 @dqn_agent.py:183][0m Playing at episode: 710, this time we got reward 0.0
[32m[0312 23:09:25 @dqn_agent.py:183][0m Playing at episode: 717, this time we got reward 0.0
[32m[0312 23:09:25 @dqn_agent.py:183][0m Playing at episode: 724, this time we got reward 0.0
[32m[0312 23:09:25 @dqn_agent.py:183][0m Playing at episode: 731, this time we got reward 0.0
[32m[0312 23:09:26 @dqn_agent.py:183][0m Playing at episode: 738, this time we got reward 0.0
[32m[0312 23:09:26 @dqn_agent.py:183][0m Playing at episode: 744, this time we got reward 0.0
[32m[0312 23:09:26 @dqn_agent.py:183][0m Playing at episode: 751, this time we got reward 0.0
[32m[0312 23:09:27 @dqn_agent.py:183][0m Playing at episode: 758, this time we got reward 0.0
[32m[0312 23:09:27 @dqn_agent.py:183][0m Playing at episode: 765, this time we got reward 0.0
[32m[0312 23:09:27 @dqn_agent.py:183][0m Playing at episode: 772, this time we got reward 0.0
