[32m[0312 23:04:32 @logger.py:67][0m Log file set to /mnt/rl_playground/tool/train_gym.py/../../log/gym_0312-230432.log
[32m[0312 23:04:32 @train_gym.py:35][0m Session starts, using gpu: 0
[32m[0312 23:04:32 @dqn_agent.py:46][0m Constructing a q-learning agent to play Breakout-v0
[32m[0312 23:04:32 @environments.py:43][0m Init game environments Breakout-v0
[32m[0312 23:04:32 @environments.py:74][0m Game set image size: 80, random walk step: 30
[32m[0312 23:04:32 @network.py:122][0m building the target network, name: target_network
[32m[0312 23:04:32 @network.py:51][0m Building network of type: dqn, using basebone: nips
[32m[0312 23:04:32 @cnn.py:21][0m building the basebone network, using nips format
[32m[0312 23:04:32 @network.py:124][0m building the pred network, name: predict_network
[32m[0312 23:04:32 @network.py:51][0m Building network of type: dqn, using basebone: nips
[32m[0312 23:04:32 @cnn.py:21][0m building the basebone network, using nips format
[32m[0312 23:04:32 @experience.py:23][0m building the experience shop
[32m[0312 23:04:32 @summary_handler.py:30][0m summary write initialized, writing to /mnt/rl_playground/tool/../agent/../checkpoint
[32m[0312 23:04:34 @dqn_agent.py:182][0m Playing at 7, got reward 0.0
[32m[0312 23:04:34 @dqn_agent.py:182][0m Playing at 14, got reward 0.0
[32m[0312 23:04:35 @dqn_agent.py:182][0m Playing at 21, got reward 0.0
[32m[0312 23:04:35 @dqn_agent.py:182][0m Playing at 28, got reward 0.0
[32m[0312 23:04:35 @dqn_agent.py:108][0m checkpoint saved to /mnt/rl_playground/tool/../agent/../checkpoint/dqn_0.ckpt
[32m[0312 23:04:35 @experience.py:65][0m Experience shop saved to /mnt/rl_playground/tool/../agent/../checkpoint/dqn_0npy
[32m[0312 23:04:35 @dqn_agent.py:182][0m Playing at 35, got reward 0.0
[32m[0312 23:04:36 @dqn_agent.py:182][0m Playing at 42, got reward 0.0
[32m[0312 23:04:36 @dqn_agent.py:182][0m Playing at 56, got reward 1.0
[32m[0312 23:04:37 @dqn_agent.py:182][0m Playing at 62, got reward 0.0
[32m[0312 23:04:37 @dqn_agent.py:108][0m checkpoint saved to /mnt/rl_playground/tool/../agent/../checkpoint/dqn_0.ckpt
[32m[0312 23:04:37 @experience.py:65][0m Experience shop saved to /mnt/rl_playground/tool/../agent/../checkpoint/dqn_0npy
[32m[0312 23:04:37 @dqn_agent.py:182][0m Playing at 69, got reward 0.0
[32m[0312 23:04:38 @dqn_agent.py:182][0m Playing at 81, got reward 1.0
[32m[0312 23:04:38 @dqn_agent.py:182][0m Playing at 88, got reward 0.0
[32m[0312 23:04:38 @dqn_agent.py:182][0m Playing at 95, got reward 0.0
[32m[0312 23:04:38 @dqn_agent.py:108][0m checkpoint saved to /mnt/rl_playground/tool/../agent/../checkpoint/dqn_0.ckpt
[32m[0312 23:04:38 @experience.py:65][0m Experience shop saved to /mnt/rl_playground/tool/../agent/../checkpoint/dqn_0npy
[32m[0312 23:04:39 @dqn_agent.py:182][0m Playing at 102, got reward 0.0
[32m[0312 23:04:39 @dqn_agent.py:182][0m Playing at 109, got reward 0.0
[32m[0312 23:04:39 @dqn_agent.py:182][0m Playing at 115, got reward 0.0
[32m[0312 23:04:40 @dqn_agent.py:182][0m Playing at 129, got reward 1.0
[32m[0312 23:04:40 @dqn_agent.py:108][0m checkpoint saved to /mnt/rl_playground/tool/../agent/../checkpoint/dqn_0.ckpt
[32m[0312 23:04:40 @experience.py:65][0m Experience shop saved to /mnt/rl_playground/tool/../agent/../checkpoint/dqn_0npy
[32m[0312 23:04:40 @dqn_agent.py:182][0m Playing at 136, got reward 0.0
[32m[0312 23:04:41 @dqn_agent.py:182][0m Playing at 138, got reward 0.0
[32m[0312 23:04:41 @dqn_agent.py:182][0m Playing at 144, got reward 0.0
[32m[0312 23:04:41 @dqn_agent.py:182][0m Playing at 159, got reward 1.0
[32m[0312 23:04:42 @dqn_agent.py:108][0m checkpoint saved to /mnt/rl_playground/tool/../agent/../checkpoint/dqn_0.ckpt
[32m[0312 23:04:42 @experience.py:65][0m Experience shop saved to /mnt/rl_playground/tool/../agent/../checkpoint/dqn_0npy
[32m[0312 23:04:42 @dqn_agent.py:182][0m Playing at 166, got reward 0.0
[32m[0312 23:04:42 @dqn_agent.py:182][0m Playing at 179, got reward 1.0
[32m[0312 23:04:43 @dqn_agent.py:182][0m Playing at 192, got reward 0.0
[32m[0312 23:04:43 @dqn_agent.py:182][0m Playing at 193, got reward 0.0
[32m[0312 23:04:43 @dqn_agent.py:108][0m checkpoint saved to /mnt/rl_playground/tool/../agent/../checkpoint/dqn_0.ckpt
[32m[0312 23:04:43 @experience.py:65][0m Experience shop saved to /mnt/rl_playground/tool/../agent/../checkpoint/dqn_0npy
[32m[0312 23:04:44 @dqn_agent.py:182][0m Playing at 199, got reward 0.0
[32m[0312 23:04:45 @dqn_agent.py:182][0m Playing at 246, got reward 2.0
[32m[0312 23:04:46 @dqn_agent.py:182][0m Playing at 257, got reward 1.0
[32m[0312 23:04:46 @dqn_agent.py:182][0m Playing at 264, got reward 0.0
[32m[0312 23:04:46 @dqn_agent.py:108][0m checkpoint saved to /mnt/rl_playground/tool/../agent/../checkpoint/dqn_0.ckpt
[32m[0312 23:04:46 @experience.py:65][0m Experience shop saved to /mnt/rl_playground/tool/../agent/../checkpoint/dqn_0npy
[32m[0312 23:04:47 @dqn_agent.py:182][0m Playing at 278, got reward 1.0
[32m[0312 23:04:47 @dqn_agent.py:182][0m Playing at 279, got reward 0.0
[32m[0312 23:04:47 @dqn_agent.py:182][0m Playing at 282, got reward 0.0
[32m[0312 23:04:48 @dqn_agent.py:182][0m Playing at 289, got reward 0.0
[32m[0312 23:04:48 @dqn_agent.py:108][0m checkpoint saved to /mnt/rl_playground/tool/../agent/../checkpoint/dqn_0.ckpt
[32m[0312 23:04:48 @experience.py:65][0m Experience shop saved to /mnt/rl_playground/tool/../agent/../checkpoint/dqn_0npy
[32m[0312 23:04:48 @dqn_agent.py:182][0m Playing at 304, got reward 1.0
[32m[0312 23:04:49 @dqn_agent.py:182][0m Playing at 311, got reward 0.0
[32m[0312 23:04:49 @dqn_agent.py:182][0m Playing at 318, got reward 0.0
[32m[0312 23:04:49 @dqn_agent.py:182][0m Playing at 325, got reward 0.0
[32m[0312 23:04:50 @dqn_agent.py:108][0m checkpoint saved to /mnt/rl_playground/tool/../agent/../checkpoint/dqn_0.ckpt
[32m[0312 23:04:50 @experience.py:65][0m Experience shop saved to /mnt/rl_playground/tool/../agent/../checkpoint/dqn_0npy
[32m[0312 23:04:50 @dqn_agent.py:182][0m Playing at 332, got reward 0.0
[32m[0312 23:04:50 @dqn_agent.py:182][0m Playing at 339, got reward 0.0
[32m[0312 23:04:50 @dqn_agent.py:182][0m Playing at 346, got reward 0.0
[32m[0312 23:04:51 @dqn_agent.py:182][0m Playing at 354, got reward 0.0
[32m[0312 23:04:51 @dqn_agent.py:108][0m checkpoint saved to /mnt/rl_playground/tool/../agent/../checkpoint/dqn_0.ckpt
[32m[0312 23:04:51 @experience.py:65][0m Experience shop saved to /mnt/rl_playground/tool/../agent/../checkpoint/dqn_0npy
[32m[0312 23:04:51 @dqn_agent.py:182][0m Playing at 361, got reward 0.0
[32m[0312 23:04:51 @dqn_agent.py:182][0m Playing at 364, got reward 0.0
[32m[0312 23:04:52 @dqn_agent.py:182][0m Playing at 371, got reward 0.0
[32m[0312 23:04:52 @dqn_agent.py:182][0m Playing at 378, got reward 0.0
[32m[0312 23:04:52 @dqn_agent.py:108][0m checkpoint saved to /mnt/rl_playground/tool/../agent/../checkpoint/dqn_0.ckpt
[32m[0312 23:04:52 @experience.py:65][0m Experience shop saved to /mnt/rl_playground/tool/../agent/../checkpoint/dqn_0npy
[32m[0312 23:04:53 @dqn_agent.py:182][0m Playing at 393, got reward 1.0
[32m[0312 23:04:54 @dqn_agent.py:182][0m Playing at 408, got reward 1.0
[32m[0312 23:04:54 @dqn_agent.py:182][0m Playing at 415, got reward 0.0
[32m[0312 23:04:54 @dqn_agent.py:182][0m Playing at 427, got reward 1.0
[32m[0312 23:04:55 @dqn_agent.py:108][0m checkpoint saved to /mnt/rl_playground/tool/../agent/../checkpoint/dqn_0.ckpt
[32m[0312 23:04:55 @experience.py:65][0m Experience shop saved to /mnt/rl_playground/tool/../agent/../checkpoint/dqn_0npy
[32m[0312 23:04:55 @dqn_agent.py:182][0m Playing at 439, got reward 1.0
[32m[0312 23:04:55 @dqn_agent.py:182][0m Playing at 445, got reward 0.0
[32m[0312 23:04:56 @dqn_agent.py:182][0m Playing at 460, got reward 0.0
[32m[0312 23:04:56 @dqn_agent.py:182][0m Playing at 473, got reward 1.0
[32m[0312 23:04:57 @dqn_agent.py:108][0m checkpoint saved to /mnt/rl_playground/tool/../agent/../checkpoint/dqn_0.ckpt
[32m[0312 23:04:57 @experience.py:65][0m Experience shop saved to /mnt/rl_playground/tool/../agent/../checkpoint/dqn_0npy
[32m[0312 23:04:57 @dqn_agent.py:182][0m Playing at 480, got reward 0.0
[32m[0312 23:04:57 @dqn_agent.py:182][0m Playing at 487, got reward 0.0
[32m[0312 23:04:58 @dqn_agent.py:182][0m Playing at 502, got reward 1.0
[32m[0312 23:04:58 @dqn_agent.py:182][0m Playing at 516, got reward 1.0
[32m[0312 23:04:59 @dqn_agent.py:108][0m checkpoint saved to /mnt/rl_playground/tool/../agent/../checkpoint/dqn_0.ckpt
[32m[0312 23:04:59 @experience.py:65][0m Experience shop saved to /mnt/rl_playground/tool/../agent/../checkpoint/dqn_0npy
[32m[0312 23:04:59 @dqn_agent.py:182][0m Playing at 528, got reward 1.0
[32m[0312 23:04:59 @dqn_agent.py:182][0m Playing at 535, got reward 0.0
[32m[0312 23:05:00 @dqn_agent.py:182][0m Playing at 550, got reward 1.0
[32m[0312 23:05:01 @dqn_agent.py:182][0m Playing at 564, got reward 1.0
[32m[0312 23:05:01 @dqn_agent.py:108][0m checkpoint saved to /mnt/rl_playground/tool/../agent/../checkpoint/dqn_0.ckpt
[32m[0312 23:05:01 @experience.py:65][0m Experience shop saved to /mnt/rl_playground/tool/../agent/../checkpoint/dqn_0npy
[32m[0312 23:05:01 @dqn_agent.py:182][0m Playing at 571, got reward 0.0
[32m[0312 23:05:01 @dqn_agent.py:182][0m Playing at 578, got reward 0.0
[32m[0312 23:05:02 @dqn_agent.py:182][0m Playing at 592, got reward 1.0
[32m[0312 23:05:02 @dqn_agent.py:182][0m Playing at 599, got reward 0.0
[32m[0312 23:05:03 @dqn_agent.py:108][0m checkpoint saved to /mnt/rl_playground/tool/../agent/../checkpoint/dqn_0.ckpt
[32m[0312 23:05:03 @experience.py:65][0m Experience shop saved to /mnt/rl_playground/tool/../agent/../checkpoint/dqn_0npy
[32m[0312 23:05:03 @dqn_agent.py:182][0m Playing at 606, got reward 0.0
[32m[0312 23:05:04 @dqn_agent.py:182][0m Playing at 621, got reward 1.0
[32m[0312 23:05:04 @dqn_agent.py:182][0m Playing at 628, got reward 0.0
[32m[0312 23:05:04 @dqn_agent.py:182][0m Playing at 635, got reward 0.0
[32m[0312 23:05:04 @dqn_agent.py:108][0m checkpoint saved to /mnt/rl_playground/tool/../agent/../checkpoint/dqn_0.ckpt
[32m[0312 23:05:05 @experience.py:65][0m Experience shop saved to /mnt/rl_playground/tool/../agent/../checkpoint/dqn_0npy
[32m[0312 23:05:05 @dqn_agent.py:182][0m Playing at 641, got reward 0.0
[32m[0312 23:05:05 @dqn_agent.py:182][0m Playing at 648, got reward 0.0
[32m[0312 23:05:05 @dqn_agent.py:182][0m Playing at 649, got reward 0.0
[32m[0312 23:05:05 @dqn_agent.py:182][0m Playing at 656, got reward 0.0
